<?xml version="1.0" encoding="UTF-8"?>
<!-- Generated by org.testng.reporters.JUnitReportReporter -->
<testsuite name="testCases.Validate_LoginAndLogout" tests="3" time="13.809" ignored="0" failures="0" timestamp="11 Apr 2017 06:36:07 GMT" skipped="0" hostname="binary02-XPS-8500" errors="0">
  <testcase name="B_Login" time="10.032" classname="testCases.Validate_LoginAndLogout"/>
  <testcase name="C_Logout" time="2.673" classname="testCases.Validate_LoginAndLogout"/>
  <testcase name="A_Launch" time="1.104" classname="testCases.Validate_LoginAndLogout"/>
</testsuite> <!-- testCases.Validate_LoginAndLogout -->
