<?xml version="1.0" encoding="UTF-8"?>
<!-- Generated by org.testng.reporters.JUnitReportReporter -->
<testsuite name="testCases.Validate_PersonalDetailsPage" tests="13" time="14.566" ignored="0" failures="0" timestamp="12 Apr 2017 05:41:30 GMT" skipped="0" hostname="binary02-XPS-8500" errors="0">
  <testcase name="Test_Telephone_EmptyField" time="0.138" classname="testCases.Validate_PersonalDetailsPage"/>
  <testcase name="Test_Telephone_InvalidChars" time="0.205" classname="testCases.Validate_PersonalDetailsPage"/>
  <testcase name="NavigateToPersonalDetailsPage" time="1.985" classname="testCases.Validate_PersonalDetailsPage"/>
  <testcase name="Test_TaxResidence_EmptyField" time="1.314" classname="testCases.Validate_PersonalDetailsPage"/>
  <testcase name="SetPersonalDetailsFields" time="1.082" classname="testCases.Validate_PersonalDetailsPage"/>
  <testcase name="Test_AddressLine1_InvalidChars" time="0.247" classname="testCases.Validate_PersonalDetailsPage"/>
  <testcase name="Test_AddressCity_InvalidChars" time="0.229" classname="testCases.Validate_PersonalDetailsPage"/>
  <testcase name="Test_AddressCity_EmptyField" time="0.117" classname="testCases.Validate_PersonalDetailsPage"/>
  <testcase name="Test_ZipCode_InvalidChars" time="0.232" classname="testCases.Validate_PersonalDetailsPage"/>
  <testcase name="Login" time="8.569" classname="testCases.Validate_PersonalDetailsPage"/>
  <testcase name="Test_Telephone_LessChars" time="0.127" classname="testCases.Validate_PersonalDetailsPage"/>
  <testcase name="Test_TaxId_EmptyField" time="0.196" classname="testCases.Validate_PersonalDetailsPage"/>
  <testcase name="Test_AddressLine1_EmptyField" time="0.125" classname="testCases.Validate_PersonalDetailsPage"/>
</testsuite> <!-- testCases.Validate_PersonalDetailsPage -->
