<?xml version="1.0" encoding="UTF-8"?>
<!-- Generated by org.testng.reporters.JUnitReportReporter -->
<testsuite name="testCases.Validate_SetFinancialAssessment" tests="3" time="17.174" ignored="0" failures="0" timestamp="05 Apr 2017 09:44:06 GMT" skipped="0" hostname="Ridhos-MacBook-Pro.local" errors="0">
  <testcase name="A_Login" time="12.273" classname="testCases.Validate_SetFinancialAssessment"/>
  <testcase name="C_Set_FinancialAssessment" time="2.504" classname="testCases.Validate_SetFinancialAssessment"/>
  <testcase name="B_NavigateToFinancialAssessmentPage" time="2.397" classname="testCases.Validate_SetFinancialAssessment"/>
</testsuite> <!-- testCases.Validate_SetFinancialAssessment -->
