<?xml version="1.0" encoding="UTF-8"?>
<!-- Generated by org.testng.reporters.JUnitReportReporter -->
<testsuite name="testCases.Validate_LoginWithIncorrectPassword" tests="2" time="14.037" ignored="0" failures="0" timestamp="05 Apr 2017 08:11:13 GMT" skipped="0" hostname="Ridhos-MacBook-Pro.local" errors="0">
  <testcase name="A_Login_IncorrectPassword" time="13.880" classname="testCases.Validate_LoginWithIncorrectPassword"/>
  <testcase name="B_Validate_Message" time="0.157" classname="testCases.Validate_LoginWithIncorrectPassword"/>
</testsuite> <!-- testCases.Validate_LoginWithIncorrectPassword -->
