<?xml version="1.0" encoding="UTF-8"?>
<!-- Generated by org.testng.reporters.JUnitReportReporter -->
<testsuite name="testCases.Validate_FinancialAssessmentFields" tests="19" time="40.431" ignored="0" failures="0" timestamp="05 Apr 2017 06:04:07 GMT" skipped="0" hostname="Ridhos-MacBook-Pro.local" errors="0">
  <testcase name="Test_ForexTradingExperience" time="3.275" classname="testCases.Validate_FinancialAssessmentFields"/>
  <testcase name="Test_CommoditiesTradingFrequency" time="1.208" classname="testCases.Validate_FinancialAssessmentFields"/>
  <testcase name="Test_OtherTradingExperience" time="1.339" classname="testCases.Validate_FinancialAssessmentFields"/>
  <testcase name="Test_IndicesTradingFrequency" time="1.532" classname="testCases.Validate_FinancialAssessmentFields"/>
  <testcase name="NavigateToFinancialAssessmentPage" time="3.861" classname="testCases.Validate_FinancialAssessmentFields"/>
  <testcase name="Test_ForexTradingFrequency" time="1.766" classname="testCases.Validate_FinancialAssessmentFields"/>
  <testcase name="Test_StocksTradingExperience" time="1.214" classname="testCases.Validate_FinancialAssessmentFields"/>
  <testcase name="Test_OtherDerivatiesTradingFrequency" time="1.293" classname="testCases.Validate_FinancialAssessmentFields"/>
  <testcase name="Test_NetWorth" time="1.116" classname="testCases.Validate_FinancialAssessmentFields"/>
  <testcase name="Test_IndicesTradingExperience" time="1.542" classname="testCases.Validate_FinancialAssessmentFields"/>
  <testcase name="Test_OtherDerivativesTradingExperience" time="1.364" classname="testCases.Validate_FinancialAssessmentFields"/>
  <testcase name="Test_Education" time="1.195" classname="testCases.Validate_FinancialAssessmentFields"/>
  <testcase name="Test_AnnualIncome" time="1.332" classname="testCases.Validate_FinancialAssessmentFields"/>
  <testcase name="Test_StocksTradingFrequency" time="1.177" classname="testCases.Validate_FinancialAssessmentFields"/>
  <testcase name="Test_OtherTradingFrequency" time="1.235" classname="testCases.Validate_FinancialAssessmentFields"/>
  <testcase name="Login" time="12.405" classname="testCases.Validate_FinancialAssessmentFields"/>
  <testcase name="Test_CommoditiesTradingExperience" time="1.263" classname="testCases.Validate_FinancialAssessmentFields"/>
  <testcase name="Test_Occupation" time="1.164" classname="testCases.Validate_FinancialAssessmentFields"/>
  <testcase name="Test_IndustryEmployment" time="1.150" classname="testCases.Validate_FinancialAssessmentFields"/>
</testsuite> <!-- testCases.Validate_FinancialAssessmentFields -->
