<?xml version="1.0" encoding="UTF-8"?>
<!-- Generated by org.testng.reporters.JUnitReportReporter -->
<testsuite name="testCases.Validate_LoginHistoryPage" tests="4" time="11.624" ignored="0" failures="0" timestamp="05 Apr 2017 09:47:03 GMT" skipped="0" hostname="Ridhos-MacBook-Pro.local" errors="0">
  <testcase name="NavigateToLoginHistoryPage" time="2.359" classname="testCases.Validate_LoginHistoryPage"/>
  <testcase name="CheckPageLoad" time="0.391" classname="testCases.Validate_LoginHistoryPage"/>
  <testcase name="Login" time="8.565" classname="testCases.Validate_LoginHistoryPage"/>
  <testcase name="CheckTotalRows" time="0.309" classname="testCases.Validate_LoginHistoryPage"/>
</testsuite> <!-- testCases.Validate_LoginHistoryPage -->
